Using MPI version 3.1, 6 processes
/home/quintsim2/Simulation/NewCavityDesign/2020/07/2020-07-27_a_tapered_cavity
-----------
Initializing structure...
Halving computational cell along direction x
Halving computational cell along direction y
Halving computational cell along direction z
Splitting into 6 chunks evenly
time for choose_chunkdivision = 0.00753689 s
Working in 3D dimensions.
Computational cell is 20 x 8 x 8 with resolution 30
     block, center = (0,0,0)
          size (1e+20,0.7,0.22)
          axes (1,0,0), (0,1,0), (0,0,1)
          dielectric constant epsilon diagonal = (11.9025,11.9025,11.9025)
     ellipsoid, center = (0.195,0,0)
          size (0.3,0.5,1e+20)
          axes (1,0,0), (0,1,0), (0,0,1)
          dielectric constant epsilon diagonal = (1,1,1)
     ellipsoid, center = (-0.195,0,0)
          size (0.3,0.5,1e+20)
          axes (1,0,0), (0,1,0), (0,0,1)
          dielectric constant epsilon diagonal = (1,1,1)
     ellipsoid, center = (0.585126,0,0)
          size (0.3,0.5,1e+20)
          axes (1,0,0), (0,1,0), (0,0,1)
          dielectric constant epsilon diagonal = (1,1,1)
     ellipsoid, center = (-0.585126,0,0)
          size (0.3,0.5,1e+20)
          axes (1,0,0), (0,1,0), (0,0,1)
          dielectric constant epsilon diagonal = (1,1,1)
     ellipsoid, center = (0.975461,0,0)
          size (0.3,0.5,1e+20)
          axes (1,0,0), (0,1,0), (0,0,1)
          dielectric constant epsilon diagonal = (1,1,1)
     ellipsoid, center = (-0.975461,0,0)
          size (0.3,0.5,1e+20)
          axes (1,0,0), (0,1,0), (0,0,1)
          dielectric constant epsilon diagonal = (1,1,1)
     ellipsoid, center = (1.36621,0,0)
          size (0.3,0.5,1e+20)
          axes (1,0,0), (0,1,0), (0,0,1)
          dielectric constant epsilon diagonal = (1,1,1)
     ellipsoid, center = (-1.36621,0,0)
          size (0.3,0.5,1e+20)
          axes (1,0,0), (0,1,0), (0,0,1)
          dielectric constant epsilon diagonal = (1,1,1)
     ellipsoid, center = (1.75783,0,0)
          size (0.3,0.5,1e+20)
          axes (1,0,0), (0,1,0), (0,0,1)
          dielectric constant epsilon diagonal = (1,1,1)
     ...(+ 31 objects not shown)...
time for set_epsilon = 2.96272 s
-----------
on time step 1 (time=0.0166667), 7.67061 s/step
on time step 45 (time=0.75), 0.0924094 s/step
on time step 89 (time=1.48333), 0.0918768 s/step
on time step 132 (time=2.2), 0.0933427 s/step
on time step 176 (time=2.93333), 0.092745 s/step
on time step 220 (time=3.66667), 0.0926927 s/step
on time step 264 (time=4.4), 0.0919772 s/step
on time step 308 (time=5.13333), 0.0924105 s/step
on time step 351 (time=5.85), 0.095299 s/step
on time step 394 (time=6.56667), 0.0949645 s/step
on time step 437 (time=7.28333), 0.0944749 s/step
on time step 479 (time=7.98333), 0.0955075 s/step
on time step 522 (time=8.7), 0.0939554 s/step
on time step 565 (time=9.41667), 0.0941426 s/step
on time step 607 (time=10.1167), 0.0954354 s/step
on time step 650 (time=10.8333), 0.0942932 s/step
on time step 693 (time=11.55), 0.0950888 s/step
on time step 736 (time=12.2667), 0.094017 s/step
on time step 779 (time=12.9833), 0.0946633 s/step
on time step 822 (time=13.7), 0.0935474 s/step
on time step 864 (time=14.4), 0.0954175 s/step
on time step 907 (time=15.1167), 0.0941953 s/step
on time step 951 (time=15.85), 0.0924441 s/step
Meep progress: 16.433333333333334/600.0 = 2.7% done in 100.1s, 3554.2s to go
on time step 994 (time=16.5667), 0.0931546 s/step
on time step 1037 (time=17.2833), 0.0949899 s/step
on time step 1080 (time=18), 0.0939035 s/step
on time step 1122 (time=18.7), 0.0960694 s/step
on time step 1165 (time=19.4167), 0.0951122 s/step
on time step 1208 (time=20.1333), 0.0946856 s/step
on time step 1249 (time=20.8167), 0.0976579 s/step
on time step 1291 (time=21.5167), 0.0961556 s/step
on time step 1334 (time=22.2333), 0.0939022 s/step
on time step 1376 (time=22.9333), 0.0962259 s/step
on time step 1419 (time=23.65), 0.094346 s/step
on time step 1462 (time=24.3667), 0.0945928 s/step
on time step 1505 (time=25.0833), 0.0937469 s/step
on time step 1548 (time=25.8), 0.0936828 s/step
on time step 1591 (time=26.5167), 0.0952493 s/step
on time step 1634 (time=27.2333), 0.0944331 s/step
on time step 1676 (time=27.9333), 0.0953758 s/step
on time step 1719 (time=28.65), 0.0938581 s/step
on time step 1762 (time=29.3667), 0.0949129 s/step
on time step 1805 (time=30.0833), 0.0948205 s/step
on time step 1848 (time=30.8), 0.0945971 s/step
on time step 1891 (time=31.5167), 0.0945501 s/step
on time step 1934 (time=32.2333), 0.0941545 s/step
on time step 1977 (time=32.95), 0.0940218 s/step
on time step 2020 (time=33.6667), 0.0949217 s/step
Meep progress: 34.016666666666666/600.0 = 5.7% done in 200.1s, 3330.1s to go
on time step 2063 (time=34.3833), 0.0950474 s/step
on time step 2106 (time=35.1), 0.0942645 s/step
on time step 2148 (time=35.8), 0.095857 s/step
on time step 2191 (time=36.5167), 0.0940997 s/step
on time step 2234 (time=37.2333), 0.0940704 s/step
on time step 2277 (time=37.95), 0.0947544 s/step
on time step 2320 (time=38.6667), 0.0944217 s/step
on time step 2363 (time=39.3833), 0.0936872 s/step
on time step 2406 (time=40.1), 0.0940997 s/step
on time step 2449 (time=40.8167), 0.0947304 s/step
on time step 2492 (time=41.5333), 0.0949869 s/step
on time step 2535 (time=42.25), 0.0944725 s/step
on time step 2578 (time=42.9667), 0.0933364 s/step
on time step 2621 (time=43.6833), 0.0942096 s/step
on time step 2663 (time=44.3833), 0.0958445 s/step
on time step 2705 (time=45.0833), 0.09646 s/step
on time step 2748 (time=45.8), 0.0942437 s/step
on time step 2791 (time=46.5167), 0.0943676 s/step
on time step 2834 (time=47.2333), 0.0934866 s/step
on time step 2877 (time=47.95), 0.093596 s/step
on time step 2920 (time=48.6667), 0.0944969 s/step
on time step 2963 (time=49.3833), 0.093584 s/step
on time step 3006 (time=50.1), 0.0939749 s/step
on time step 3051 (time=50.85), 0.0889109 s/step
on time step 3100 (time=51.6667), 0.0826744 s/step
Meep progress: 51.81666666666666/600.0 = 8.6% done in 300.2s, 3175.5s to go
on time step 3144 (time=52.4), 0.0922362 s/step
on time step 3187 (time=53.1167), 0.0937198 s/step
on time step 3230 (time=53.8333), 0.0945438 s/step
on time step 3273 (time=54.55), 0.0940168 s/step
on time step 3316 (time=55.2667), 0.0942993 s/step
on time step 3358 (time=55.9667), 0.0957292 s/step
on time step 3401 (time=56.6833), 0.0938461 s/step
on time step 3444 (time=57.4), 0.0945756 s/step
on time step 3487 (time=58.1167), 0.0937898 s/step
on time step 3530 (time=58.8333), 0.0938503 s/step
on time step 3573 (time=59.55), 0.0943056 s/step
on time step 3616 (time=60.2667), 0.0951011 s/step
on time step 3659 (time=60.9833), 0.0945289 s/step
on time step 3702 (time=61.7), 0.0944913 s/step
on time step 3745 (time=62.4167), 0.0931216 s/step
on time step 3787 (time=63.1167), 0.0953705 s/step
on time step 3830 (time=63.8333), 0.094182 s/step
on time step 3872 (time=64.5333), 0.095392 s/step
on time step 3915 (time=65.25), 0.0935056 s/step
on time step 3958 (time=65.9667), 0.0934593 s/step
on time step 4001 (time=66.6833), 0.0937786 s/step
on time step 4044 (time=67.4), 0.0934671 s/step
on time step 4087 (time=68.1167), 0.0942094 s/step
on time step 4130 (time=68.8333), 0.0943074 s/step
Meep progress: 69.53333333333333/600.0 = 11.6% done in 400.3s, 3053.5s to go
on time step 4173 (time=69.55), 0.094313 s/step
on time step 4216 (time=70.2667), 0.0950181 s/step
on time step 4259 (time=70.9833), 0.0945413 s/step
on time step 4301 (time=71.6833), 0.0957134 s/step
on time step 4343 (time=72.3833), 0.0955615 s/step
on time step 4386 (time=73.1), 0.0947313 s/step
on time step 4429 (time=73.8167), 0.0947978 s/step
on time step 4472 (time=74.5333), 0.0947559 s/step
on time step 4515 (time=75.25), 0.0946242 s/step
on time step 4557 (time=75.95), 0.0957619 s/step
on time step 4600 (time=76.6667), 0.0933958 s/step
on time step 4643 (time=77.3833), 0.0942837 s/step
on time step 4686 (time=78.1), 0.0946847 s/step
on time step 4729 (time=78.8167), 0.0944944 s/step
on time step 4772 (time=79.5333), 0.0932142 s/step
on time step 4815 (time=80.25), 0.0931953 s/step
on time step 4858 (time=80.9667), 0.0938856 s/step
on time step 4901 (time=81.6833), 0.0944537 s/step
on time step 4944 (time=82.4), 0.0942125 s/step
on time step 4987 (time=83.1167), 0.0941732 s/step
on time step 5030 (time=83.8333), 0.0945942 s/step
on time step 5073 (time=84.55), 0.093096 s/step
on time step 5116 (time=85.2667), 0.093682 s/step
on time step 5159 (time=85.9833), 0.0938206 s/step
on time step 5202 (time=86.7), 0.0950942 s/step
Meep progress: 87.2/600.0 = 14.5% done in 500.3s, 2942.4s to go
on time step 5244 (time=87.4), 0.0953706 s/step
on time step 5287 (time=88.1167), 0.0938483 s/step
on time step 5330 (time=88.8333), 0.09411 s/step
on time step 5372 (time=89.5333), 0.0961333 s/step
on time step 5415 (time=90.25), 0.0939842 s/step
on time step 5458 (time=90.9667), 0.0932146 s/step
on time step 5500 (time=91.6667), 0.0952437 s/step
on time step 5543 (time=92.3833), 0.0940721 s/step
on time step 5585 (time=93.0833), 0.096231 s/step
on time step 5628 (time=93.8), 0.0942185 s/step
on time step 5670 (time=94.5), 0.0958419 s/step
on time step 5713 (time=95.2167), 0.0951414 s/step
on time step 5755 (time=95.9167), 0.0956483 s/step
on time step 5798 (time=96.6333), 0.0948755 s/step
on time step 5840 (time=97.3333), 0.0967132 s/step
on time step 5883 (time=98.05), 0.0946808 s/step
on time step 5926 (time=98.7667), 0.094613 s/step
on time step 5968 (time=99.4667), 0.096493 s/step
on time step 6011 (time=100.183), 0.0943197 s/step
on time step 6054 (time=100.9), 0.09433 s/step
on time step 6097 (time=101.617), 0.0946806 s/step
on time step 6140 (time=102.333), 0.093253 s/step
on time step 6183 (time=103.05), 0.0937736 s/step
on time step 6226 (time=103.767), 0.0948144 s/step
on time step 6269 (time=104.483), 0.0940104 s/step
Meep progress: 104.8/600.0 = 17.5% done in 600.4s, 2837.1s to go
on time step 6312 (time=105.2), 0.0941698 s/step
on time step 6355 (time=105.917), 0.0934875 s/step
on time step 6398 (time=106.633), 0.094461 s/step
on time step 6449 (time=107.483), 0.0795234 s/step
on time step 6492 (time=108.2), 0.0934029 s/step
on time step 6536 (time=108.933), 0.0920647 s/step
on time step 6578 (time=109.633), 0.0970492 s/step
on time step 6621 (time=110.35), 0.0942527 s/step
on time step 6664 (time=111.067), 0.0943213 s/step
on time step 6707 (time=111.783), 0.0946873 s/step
on time step 6750 (time=112.5), 0.0939258 s/step
on time step 6793 (time=113.217), 0.0935626 s/step
on time step 6836 (time=113.933), 0.094594 s/step
on time step 6879 (time=114.65), 0.0942817 s/step
on time step 6922 (time=115.367), 0.0950325 s/step
on time step 6965 (time=116.083), 0.0936133 s/step
on time step 7008 (time=116.8), 0.0939367 s/step
on time step 7050 (time=117.5), 0.0958405 s/step
on time step 7093 (time=118.217), 0.0949184 s/step
on time step 7136 (time=118.933), 0.0934654 s/step
on time step 7179 (time=119.65), 0.0943124 s/step
on time step 7221 (time=120.35), 0.096028 s/step
on time step 7264 (time=121.067), 0.0943675 s/step
on time step 7306 (time=121.767), 0.0962934 s/step
on time step 7349 (time=122.483), 0.0948895 s/step
Meep progress: 122.58333333333333/600.0 = 20.4% done in 700.4s, 2728.0s to go
on time step 7392 (time=123.2), 0.0942328 s/step
on time step 7434 (time=123.9), 0.0952432 s/step
on time step 7477 (time=124.617), 0.0938318 s/step
on time step 7520 (time=125.333), 0.0945576 s/step
on time step 7563 (time=126.05), 0.094613 s/step
on time step 7606 (time=126.767), 0.094885 s/step
on time step 7649 (time=127.483), 0.0942437 s/step
on time step 7692 (time=128.2), 0.0948904 s/step
on time step 7736 (time=128.933), 0.0930364 s/step
on time step 7779 (time=129.65), 0.0935966 s/step
on time step 7822 (time=130.367), 0.0941244 s/step
on time step 7865 (time=131.083), 0.0944901 s/step
on time step 7907 (time=131.783), 0.0953035 s/step
on time step 7950 (time=132.5), 0.0945999 s/step
on time step 7993 (time=133.217), 0.0936126 s/step
on time step 8036 (time=133.933), 0.0943877 s/step
on time step 8079 (time=134.65), 0.0949331 s/step
on time step 8122 (time=135.367), 0.0939556 s/step
on time step 8165 (time=136.083), 0.0938981 s/step
on time step 8208 (time=136.8), 0.0945095 s/step
on time step 8251 (time=137.517), 0.0949569 s/step
on time step 8294 (time=138.233), 0.0945118 s/step
on time step 8337 (time=138.95), 0.0938175 s/step
on time step 8380 (time=139.667), 0.094299 s/step
Meep progress: 140.26666666666665/600.0 = 23.4% done in 800.5s, 2623.8s to go
on time step 8423 (time=140.383), 0.0934896 s/step
on time step 8466 (time=141.1), 0.0946979 s/step
on time step 8509 (time=141.817), 0.0951604 s/step
on time step 8552 (time=142.533), 0.0945461 s/step
on time step 8595 (time=143.25), 0.0951422 s/step
on time step 8638 (time=143.967), 0.0948689 s/step
on time step 8681 (time=144.683), 0.0942393 s/step
on time step 8724 (time=145.4), 0.0940797 s/step
on time step 8767 (time=146.117), 0.0932058 s/step
on time step 8809 (time=146.817), 0.0953532 s/step
on time step 8851 (time=147.517), 0.0957574 s/step
on time step 8893 (time=148.217), 0.0953386 s/step
on time step 8936 (time=148.933), 0.0942597 s/step
on time step 8979 (time=149.65), 0.0943218 s/step
on time step 9022 (time=150.367), 0.0948448 s/step
on time step 9065 (time=151.083), 0.0943292 s/step
on time step 9108 (time=151.8), 0.0945704 s/step
on time step 9151 (time=152.517), 0.0947861 s/step
on time step 9194 (time=153.233), 0.0939005 s/step
on time step 9236 (time=153.933), 0.0971167 s/step
on time step 9279 (time=154.65), 0.0951469 s/step
on time step 9322 (time=155.367), 0.0941014 s/step
on time step 9365 (time=156.083), 0.0942502 s/step
on time step 9408 (time=156.8), 0.0936634 s/step
on time step 9451 (time=157.517), 0.094332 s/step
Meep progress: 157.88333333333333/600.0 = 26.3% done in 900.6s, 2521.8s to go
on time step 9493 (time=158.217), 0.0954636 s/step
on time step 9536 (time=158.933), 0.0942481 s/step
on time step 9579 (time=159.65), 0.0951046 s/step
on time step 9622 (time=160.367), 0.0934254 s/step
on time step 9664 (time=161.067), 0.0962101 s/step
on time step 9706 (time=161.767), 0.0955168 s/step
on time step 9749 (time=162.483), 0.0945398 s/step
on time step 9794 (time=163.233), 0.0894597 s/step
on time step 9843 (time=164.05), 0.083268 s/step
on time step 9887 (time=164.783), 0.0912559 s/step
on time step 9931 (time=165.517), 0.0928627 s/step
on time step 9974 (time=166.233), 0.0940816 s/step
on time step 10017 (time=166.95), 0.0937305 s/step
on time step 10060 (time=167.667), 0.0939011 s/step
on time step 10103 (time=168.383), 0.093734 s/step
on time step 10146 (time=169.1), 0.0945837 s/step
on time step 10189 (time=169.817), 0.094427 s/step
on time step 10232 (time=170.533), 0.0946692 s/step
on time step 10275 (time=171.25), 0.0938547 s/step
on time step 10318 (time=171.967), 0.0950343 s/step
on time step 10361 (time=172.683), 0.0947572 s/step
on time step 10404 (time=173.4), 0.0945704 s/step
on time step 10447 (time=174.117), 0.0933862 s/step
on time step 10490 (time=174.833), 0.0942977 s/step
on time step 10533 (time=175.55), 0.0943009 s/step
Meep progress: 175.7/600.0 = 29.3% done in 1000.6s, 2416.3s to go
on time step 10576 (time=176.267), 0.0940827 s/step
on time step 10619 (time=176.983), 0.0948114 s/step
on time step 10661 (time=177.683), 0.095937 s/step
on time step 10704 (time=178.4), 0.0944255 s/step
on time step 10747 (time=179.117), 0.0941924 s/step
on time step 10790 (time=179.833), 0.0943212 s/step
on time step 10833 (time=180.55), 0.0938589 s/step
on time step 10876 (time=181.267), 0.0944126 s/step
on time step 10919 (time=181.983), 0.093981 s/step
on time step 10962 (time=182.7), 0.094199 s/step
on time step 11004 (time=183.4), 0.0954659 s/step
on time step 11047 (time=184.117), 0.0946596 s/step
on time step 11090 (time=184.833), 0.0944709 s/step
on time step 11133 (time=185.55), 0.0945901 s/step
on time step 11176 (time=186.267), 0.0942764 s/step
on time step 11219 (time=186.983), 0.0944036 s/step
on time step 11262 (time=187.7), 0.0945669 s/step
on time step 11305 (time=188.417), 0.0942444 s/step
on time step 11348 (time=189.133), 0.0941498 s/step
on time step 11391 (time=189.85), 0.0943898 s/step
on time step 11433 (time=190.55), 0.0952747 s/step
on time step 11476 (time=191.267), 0.0950284 s/step
on time step 11519 (time=191.983), 0.0941162 s/step
on time step 11562 (time=192.7), 0.0937909 s/step
Meep progress: 193.35/600.0 = 32.2% done in 1100.6s, 2314.8s to go
on time step 11605 (time=193.417), 0.0938061 s/step
on time step 11648 (time=194.133), 0.0937995 s/step
on time step 11691 (time=194.85), 0.0933111 s/step
on time step 11734 (time=195.567), 0.0948347 s/step
on time step 11777 (time=196.283), 0.0949873 s/step
on time step 11820 (time=197), 0.0948098 s/step
on time step 11862 (time=197.7), 0.0958076 s/step
on time step 11905 (time=198.417), 0.0947673 s/step
on time step 11948 (time=199.133), 0.0940133 s/step
on time step 11991 (time=199.85), 0.0947694 s/step
on time step 12033 (time=200.55), 0.0959242 s/step
on time step 12076 (time=201.267), 0.0938086 s/step
on time step 12118 (time=201.967), 0.0954869 s/step
on time step 12161 (time=202.683), 0.0937772 s/step
on time step 12204 (time=203.4), 0.0950229 s/step
on time step 12246 (time=204.1), 0.0965545 s/step
on time step 12288 (time=204.8), 0.0956613 s/step
on time step 12331 (time=205.517), 0.0943253 s/step
on time step 12374 (time=206.233), 0.0942524 s/step
on time step 12418 (time=206.967), 0.0926657 s/step
on time step 12461 (time=207.683), 0.094024 s/step
on time step 12503 (time=208.383), 0.0953967 s/step
on time step 12546 (time=209.1), 0.0943838 s/step
on time step 12588 (time=209.8), 0.0963909 s/step
on time step 12631 (time=210.517), 0.0944808 s/step
Meep progress: 210.95/600.0 = 35.2% done in 1200.7s, 2214.4s to go
on time step 12674 (time=211.233), 0.0950569 s/step
on time step 12717 (time=211.95), 0.0944313 s/step
on time step 12760 (time=212.667), 0.0940084 s/step
on time step 12803 (time=213.383), 0.0945429 s/step
on time step 12846 (time=214.1), 0.0942159 s/step
on time step 12889 (time=214.817), 0.09426 s/step
on time step 12932 (time=215.533), 0.0940495 s/step
on time step 12975 (time=216.25), 0.0952109 s/step
on time step 13017 (time=216.95), 0.0957845 s/step
on time step 13060 (time=217.667), 0.094791 s/step
on time step 13102 (time=218.367), 0.0954178 s/step
on time step 13145 (time=219.083), 0.0944318 s/step
on time step 13187 (time=219.783), 0.096171 s/step
on time step 13236 (time=220.6), 0.0818225 s/step
on time step 13281 (time=221.35), 0.0892093 s/step
on time step 13325 (time=222.083), 0.0912685 s/step
on time step 13368 (time=222.8), 0.093726 s/step
on time step 13411 (time=223.517), 0.0951034 s/step
on time step 13454 (time=224.233), 0.0948498 s/step
on time step 13497 (time=224.95), 0.0934157 s/step
on time step 13540 (time=225.667), 0.0948042 s/step
on time step 13583 (time=226.383), 0.094064 s/step
on time step 13626 (time=227.1), 0.0948222 s/step
on time step 13669 (time=227.817), 0.0940222 s/step
on time step 13712 (time=228.533), 0.0941703 s/step
Meep progress: 228.75/600.0 = 38.1% done in 1300.7s, 2110.9s to go
on time step 13755 (time=229.25), 0.094552 s/step
on time step 13798 (time=229.967), 0.0940804 s/step
on time step 13841 (time=230.683), 0.0934844 s/step
on time step 13893 (time=231.55), 0.078266 s/step
on time step 13945 (time=232.417), 0.0782166 s/step
on time step 13997 (time=233.283), 0.0780606 s/step
on time step 14049 (time=234.15), 0.0779631 s/step
on time step 14101 (time=235.017), 0.0782658 s/step
on time step 14153 (time=235.883), 0.0781109 s/step
on time step 14204 (time=236.733), 0.0786111 s/step
on time step 14256 (time=237.6), 0.0782664 s/step
on time step 14308 (time=238.467), 0.0777209 s/step
on time step 14360 (time=239.333), 0.0775835 s/step
on time step 14412 (time=240.2), 0.0779501 s/step
on time step 14464 (time=241.067), 0.0776032 s/step
on time step 14516 (time=241.933), 0.0781095 s/step
on time step 14568 (time=242.8), 0.0783729 s/step
on time step 14619 (time=243.65), 0.0786733 s/step
on time step 14671 (time=244.517), 0.0780795 s/step
on time step 14723 (time=245.383), 0.0780148 s/step
on time step 14775 (time=246.25), 0.0780533 s/step
on time step 14827 (time=247.117), 0.0777622 s/step
on time step 14879 (time=247.983), 0.0782051 s/step
on time step 14930 (time=248.833), 0.0784623 s/step
Meep progress: 249.7/600.0 = 41.6% done in 1400.7s, 1965.0s to go
on time step 14982 (time=249.7), 0.0777761 s/step
on time step 15029 (time=250.483), 0.0863922 s/step
on time step 15074 (time=251.233), 0.0902391 s/step
on time step 15117 (time=251.95), 0.0934567 s/step
on time step 15159 (time=252.65), 0.095784 s/step
on time step 15202 (time=253.367), 0.0935487 s/step
on time step 15245 (time=254.083), 0.0940312 s/step
on time step 15288 (time=254.8), 0.0951322 s/step
on time step 15331 (time=255.517), 0.0949731 s/step
on time step 15374 (time=256.233), 0.0945504 s/step
on time step 15417 (time=256.95), 0.0937225 s/step
on time step 15465 (time=257.75), 0.0842231 s/step
on time step 15517 (time=258.617), 0.0782466 s/step
on time step 15569 (time=259.483), 0.078212 s/step
on time step 15621 (time=260.35), 0.0781991 s/step
on time step 15672 (time=261.2), 0.0784702 s/step
on time step 15723 (time=262.05), 0.0788144 s/step
on time step 15774 (time=262.9), 0.0788111 s/step
on time step 15826 (time=263.767), 0.0783567 s/step
on time step 15877 (time=264.617), 0.0791284 s/step
on time step 15925 (time=265.417), 0.0834779 s/step
on time step 15969 (time=266.15), 0.0924005 s/step
on time step 16012 (time=266.867), 0.0942157 s/step
on time step 16057 (time=267.617), 0.0904167 s/step
on time step 16109 (time=268.483), 0.0780967 s/step
Meep progress: 269.1/600.0 = 44.9% done in 1500.7s, 1845.4s to go
on time step 16161 (time=269.35), 0.0775534 s/step
on time step 16211 (time=270.183), 0.0805956 s/step
on time step 16255 (time=270.917), 0.0917519 s/step
on time step 16301 (time=271.683), 0.0882721 s/step
on time step 16353 (time=272.55), 0.077978 s/step
on time step 16399 (time=273.317), 0.0880976 s/step
on time step 16444 (time=274.067), 0.0906022 s/step
on time step 16487 (time=274.783), 0.0944339 s/step
on time step 16530 (time=275.5), 0.0940468 s/step
on time step 16573 (time=276.217), 0.0939185 s/step
on time step 16616 (time=276.933), 0.0937047 s/step
on time step 16665 (time=277.75), 0.0819183 s/step
on time step 16717 (time=278.617), 0.078089 s/step
on time step 16768 (time=279.467), 0.0784527 s/step
on time step 16820 (time=280.333), 0.0783038 s/step
on time step 16871 (time=281.183), 0.0785287 s/step
on time step 16923 (time=282.05), 0.0782795 s/step
on time step 16974 (time=282.9), 0.0790682 s/step
on time step 17025 (time=283.75), 0.0789204 s/step
on time step 17076 (time=284.6), 0.0788544 s/step
on time step 17128 (time=285.467), 0.0779332 s/step
on time step 17180 (time=286.333), 0.0780914 s/step
on time step 17232 (time=287.2), 0.0779192 s/step
on time step 17283 (time=288.05), 0.078503 s/step
on time step 17335 (time=288.917), 0.0778799 s/step
Meep progress: 289.31666666666666/600.0 = 48.2% done in 1600.8s, 1719.0s to go
on time step 17387 (time=289.783), 0.0780117 s/step
on time step 17438 (time=290.633), 0.0784765 s/step
on time step 17490 (time=291.5), 0.0780851 s/step
on time step 17542 (time=292.367), 0.0780209 s/step
on time step 17594 (time=293.233), 0.0780397 s/step
on time step 17646 (time=294.1), 0.0778863 s/step
on time step 17698 (time=294.967), 0.0781485 s/step
on time step 17750 (time=295.833), 0.0782524 s/step
on time step 17802 (time=296.7), 0.078039 s/step
on time step 17853 (time=297.55), 0.0785154 s/step
on time step 17900 (time=298.333), 0.0868113 s/step
on time step 17945 (time=299.083), 0.0904408 s/step
on time step 17994 (time=299.9), 0.0830126 s/step
on time step 18044 (time=300.733), 0.080928 s/step
on time step 18088 (time=301.467), 0.0913412 s/step
on time step 18132 (time=302.2), 0.0925198 s/step
on time step 18175 (time=302.917), 0.0942451 s/step
on time step 18220 (time=303.667), 0.0902607 s/step
on time step 18272 (time=304.533), 0.0779083 s/step
on time step 18324 (time=305.4), 0.0782245 s/step
on time step 18376 (time=306.267), 0.0778839 s/step
on time step 18428 (time=307.133), 0.0781878 s/step
on time step 18480 (time=308), 0.0779918 s/step
on time step 18532 (time=308.867), 0.0781606 s/step
on time step 18579 (time=309.65), 0.0858354 s/step
Meep progress: 309.75/600.0 = 51.6% done in 1700.8s, 1593.7s to go
on time step 18623 (time=310.383), 0.0911004 s/step
on time step 18666 (time=311.1), 0.0931828 s/step
on time step 18709 (time=311.817), 0.094953 s/step
on time step 18751 (time=312.517), 0.0966241 s/step
on time step 18794 (time=313.233), 0.093599 s/step
on time step 18837 (time=313.95), 0.0936495 s/step
on time step 18880 (time=314.667), 0.0936943 s/step
on time step 18923 (time=315.383), 0.0946926 s/step
on time step 18966 (time=316.1), 0.0948213 s/step
on time step 19009 (time=316.817), 0.0932293 s/step
on time step 19052 (time=317.533), 0.0942391 s/step
on time step 19095 (time=318.25), 0.09434 s/step
on time step 19138 (time=318.967), 0.0937882 s/step
on time step 19181 (time=319.683), 0.0941183 s/step
on time step 19224 (time=320.4), 0.0946296 s/step
on time step 19267 (time=321.117), 0.0938813 s/step
on time step 19310 (time=321.833), 0.0944757 s/step
on time step 19353 (time=322.55), 0.0938551 s/step
on time step 19396 (time=323.267), 0.0948142 s/step
on time step 19438 (time=323.967), 0.095396 s/step
on time step 19479 (time=324.65), 0.0994067 s/step
on time step 19519 (time=325.317), 0.100134 s/step
on time step 19559 (time=325.983), 0.100094 s/step
on time step 19600 (time=326.667), 0.0986474 s/step
Meep progress: 327.3/600.0 = 54.6% done in 1800.8s, 1500.4s to go
on time step 19643 (time=327.383), 0.0950561 s/step
on time step 19686 (time=328.1), 0.0941639 s/step
on time step 19735 (time=328.917), 0.0828345 s/step
on time step 19780 (time=329.667), 0.0897395 s/step
on time step 19825 (time=330.417), 0.0908451 s/step
on time step 19868 (time=331.133), 0.0950303 s/step
on time step 19911 (time=331.85), 0.0945304 s/step
on time step 19954 (time=332.567), 0.0933208 s/step
on time step 19996 (time=333.267), 0.0960016 s/step
on time step 20039 (time=333.983), 0.0944914 s/step
on time step 20082 (time=334.7), 0.0937407 s/step
on time step 20125 (time=335.417), 0.0941784 s/step
on time step 20168 (time=336.133), 0.0950963 s/step
on time step 20211 (time=336.85), 0.0948804 s/step
on time step 20253 (time=337.55), 0.0957199 s/step
on time step 20296 (time=338.267), 0.0935427 s/step
on time step 20339 (time=338.983), 0.0939122 s/step
on time step 20382 (time=339.7), 0.0939122 s/step
on time step 20426 (time=340.433), 0.0926597 s/step
on time step 20469 (time=341.15), 0.0932005 s/step
on time step 20512 (time=341.867), 0.0934001 s/step
on time step 20555 (time=342.583), 0.0941077 s/step
on time step 20598 (time=343.3), 0.0941452 s/step
on time step 20640 (time=344), 0.0955779 s/step
on time step 20683 (time=344.717), 0.09456 s/step
Meep progress: 345.15/600.0 = 57.5% done in 1900.9s, 1403.6s to go
on time step 20726 (time=345.433), 0.0943567 s/step
on time step 20768 (time=346.133), 0.0952679 s/step
on time step 20811 (time=346.85), 0.0943806 s/step
on time step 20854 (time=347.567), 0.094329 s/step
on time step 20896 (time=348.267), 0.0953247 s/step
on time step 20939 (time=348.983), 0.0948727 s/step
on time step 20989 (time=349.817), 0.0800158 s/step
on time step 21033 (time=350.55), 0.0930343 s/step
on time step 21076 (time=351.267), 0.0932641 s/step
on time step 21119 (time=351.983), 0.0946466 s/step
on time step 21162 (time=352.7), 0.0941145 s/step
on time step 21205 (time=353.417), 0.0951985 s/step
on time step 21248 (time=354.133), 0.095086 s/step
on time step 21291 (time=354.85), 0.0949753 s/step
on time step 21334 (time=355.567), 0.0944171 s/step
on time step 21377 (time=356.283), 0.0937074 s/step
on time step 21420 (time=357), 0.0941235 s/step
on time step 21463 (time=357.717), 0.093049 s/step
on time step 21506 (time=358.433), 0.093454 s/step
on time step 21549 (time=359.15), 0.0943211 s/step
on time step 21592 (time=359.867), 0.094153 s/step
on time step 21635 (time=360.583), 0.094462 s/step
on time step 21678 (time=361.3), 0.0937612 s/step
on time step 21721 (time=362.017), 0.0941107 s/step
on time step 21764 (time=362.733), 0.0951739 s/step
Meep progress: 362.95/600.0 = 60.5% done in 2000.9s, 1306.9s to go
on time step 21807 (time=363.45), 0.0937343 s/step
on time step 21850 (time=364.167), 0.094236 s/step
on time step 21893 (time=364.883), 0.0938707 s/step
on time step 21936 (time=365.6), 0.095034 s/step
on time step 21979 (time=366.317), 0.0945327 s/step
on time step 22022 (time=367.033), 0.0952916 s/step
on time step 22064 (time=367.733), 0.0964193 s/step
on time step 22107 (time=368.45), 0.0938773 s/step
on time step 22150 (time=369.167), 0.0951169 s/step
on time step 22193 (time=369.883), 0.0940192 s/step
on time step 22241 (time=370.683), 0.084262 s/step
on time step 22286 (time=371.433), 0.0889976 s/step
on time step 22330 (time=372.167), 0.0918977 s/step
on time step 22373 (time=372.883), 0.095325 s/step
on time step 22416 (time=373.6), 0.0938281 s/step
on time step 22459 (time=374.317), 0.0939869 s/step
on time step 22502 (time=375.033), 0.0937392 s/step
on time step 22545 (time=375.75), 0.0937995 s/step
on time step 22589 (time=376.483), 0.092912 s/step
on time step 22632 (time=377.2), 0.0933931 s/step
on time step 22675 (time=377.917), 0.0934164 s/step
on time step 22717 (time=378.617), 0.0964059 s/step
on time step 22760 (time=379.333), 0.0940794 s/step
on time step 22803 (time=380.05), 0.0951453 s/step
Meep progress: 380.76666666666665/600.0 = 63.5% done in 2101.0s, 1209.7s to go
on time step 22846 (time=380.767), 0.0939416 s/step
on time step 22889 (time=381.483), 0.0941045 s/step
on time step 22932 (time=382.2), 0.0941524 s/step
on time step 22974 (time=382.9), 0.0953073 s/step
on time step 23017 (time=383.617), 0.0937408 s/step
on time step 23060 (time=384.333), 0.0945945 s/step
on time step 23103 (time=385.05), 0.0947027 s/step
on time step 23146 (time=385.767), 0.0948647 s/step
on time step 23188 (time=386.467), 0.0956389 s/step
on time step 23231 (time=387.183), 0.0942203 s/step
on time step 23274 (time=387.9), 0.093745 s/step
on time step 23317 (time=388.617), 0.0947999 s/step
on time step 23360 (time=389.333), 0.0941809 s/step
on time step 23403 (time=390.05), 0.0938551 s/step
on time step 23446 (time=390.767), 0.0941119 s/step
on time step 23489 (time=391.483), 0.0933563 s/step
on time step 23536 (time=392.267), 0.0864022 s/step
on time step 23582 (time=393.033), 0.0872092 s/step
on time step 23626 (time=393.767), 0.0910123 s/step
on time step 23669 (time=394.483), 0.093368 s/step
on time step 23711 (time=395.183), 0.0965558 s/step
on time step 23754 (time=395.9), 0.0939472 s/step
on time step 23796 (time=396.6), 0.0962699 s/step
on time step 23838 (time=397.3), 0.0958194 s/step
on time step 23881 (time=398.017), 0.0930851 s/step
Meep progress: 398.56666666666666/600.0 = 66.4% done in 2201.0s, 1112.4s to go
on time step 23924 (time=398.733), 0.0936936 s/step
on time step 23967 (time=399.45), 0.0945716 s/step
on time step 24009 (time=400.15), 0.0953869 s/step
on time step 24051 (time=400.85), 0.0958958 s/step
on time step 24094 (time=401.567), 0.0936797 s/step
on time step 24137 (time=402.283), 0.0943171 s/step
on time step 24180 (time=403), 0.0950311 s/step
on time step 24223 (time=403.717), 0.093922 s/step
on time step 24266 (time=404.433), 0.0944007 s/step
on time step 24309 (time=405.15), 0.093431 s/step
on time step 24351 (time=405.85), 0.0952931 s/step
on time step 24394 (time=406.567), 0.0938946 s/step
on time step 24437 (time=407.283), 0.0937422 s/step
on time step 24480 (time=408), 0.0948752 s/step
on time step 24522 (time=408.7), 0.0961387 s/step
on time step 24565 (time=409.417), 0.0947376 s/step
on time step 24608 (time=410.133), 0.0950432 s/step
on time step 24650 (time=410.833), 0.0966055 s/step
on time step 24693 (time=411.55), 0.0938442 s/step
on time step 24736 (time=412.267), 0.0936695 s/step
on time step 24779 (time=412.983), 0.0939741 s/step
on time step 24824 (time=413.733), 0.0889065 s/step
on time step 24872 (time=414.533), 0.0839696 s/step
on time step 24916 (time=415.267), 0.0916797 s/step
on time step 24959 (time=415.983), 0.0942767 s/step
Meep progress: 416.34999999999997/600.0 = 69.4% done in 2301.1s, 1015.0s to go
on time step 25001 (time=416.683), 0.0952586 s/step
on time step 25044 (time=417.4), 0.0935374 s/step
on time step 25087 (time=418.117), 0.093889 s/step
on time step 25129 (time=418.817), 0.0954892 s/step
on time step 25172 (time=419.533), 0.0939298 s/step
on time step 25214 (time=420.233), 0.0966114 s/step
on time step 25257 (time=420.95), 0.0945471 s/step
on time step 25300 (time=421.667), 0.0948707 s/step
on time step 25343 (time=422.383), 0.0941066 s/step
on time step 25386 (time=423.1), 0.0943633 s/step
on time step 25429 (time=423.817), 0.0937773 s/step
on time step 25471 (time=424.517), 0.0953896 s/step
on time step 25514 (time=425.233), 0.0936042 s/step
on time step 25557 (time=425.95), 0.094456 s/step
on time step 25600 (time=426.667), 0.0942977 s/step
on time step 25643 (time=427.383), 0.0943663 s/step
on time step 25686 (time=428.1), 0.0934977 s/step
on time step 25729 (time=428.817), 0.0950337 s/step
on time step 25771 (time=429.517), 0.0953341 s/step
on time step 25814 (time=430.233), 0.0936597 s/step
on time step 25857 (time=430.95), 0.0944945 s/step
on time step 25899 (time=431.65), 0.095358 s/step
on time step 25942 (time=432.367), 0.0938454 s/step
on time step 25985 (time=433.083), 0.0942917 s/step
on time step 26028 (time=433.8), 0.093415 s/step
Meep progress: 434.01666666666665/600.0 = 72.3% done in 2401.2s, 918.3s to go
on time step 26071 (time=434.517), 0.0939727 s/step
on time step 26113 (time=435.217), 0.0957056 s/step
on time step 26161 (time=436.017), 0.0834191 s/step
on time step 26206 (time=436.767), 0.0895682 s/step
on time step 26250 (time=437.5), 0.0919201 s/step
on time step 26293 (time=438.217), 0.0940472 s/step
on time step 26336 (time=438.933), 0.0938146 s/step
on time step 26379 (time=439.65), 0.0935522 s/step
on time step 26422 (time=440.367), 0.0945895 s/step
on time step 26464 (time=441.067), 0.0952781 s/step
on time step 26507 (time=441.783), 0.0943067 s/step
on time step 26550 (time=442.5), 0.0942407 s/step
on time step 26593 (time=443.217), 0.0938674 s/step
on time step 26636 (time=443.933), 0.0935577 s/step
on time step 26679 (time=444.65), 0.0944318 s/step
on time step 26722 (time=445.367), 0.0948281 s/step
on time step 26765 (time=446.083), 0.0942704 s/step
on time step 26808 (time=446.8), 0.0937216 s/step
on time step 26851 (time=447.517), 0.0937412 s/step
on time step 26892 (time=448.2), 0.0977166 s/step
on time step 26934 (time=448.9), 0.0953433 s/step
on time step 26977 (time=449.617), 0.0946304 s/step
on time step 27021 (time=450.35), 0.092882 s/step
on time step 27064 (time=451.067), 0.0939943 s/step
on time step 27107 (time=451.783), 0.0949793 s/step
Meep progress: 451.81666666666666/600.0 = 75.3% done in 2501.2s, 820.3s to go
on time step 27150 (time=452.5), 0.0939406 s/step
on time step 27193 (time=453.217), 0.0945583 s/step
on time step 27236 (time=453.933), 0.0932407 s/step
on time step 27279 (time=454.65), 0.0940454 s/step
on time step 27322 (time=455.367), 0.0943673 s/step
on time step 27365 (time=456.083), 0.0939835 s/step
on time step 27408 (time=456.8), 0.0934621 s/step
on time step 27451 (time=457.517), 0.0948102 s/step
on time step 27494 (time=458.233), 0.0933084 s/step
on time step 27544 (time=459.067), 0.0814398 s/step
on time step 27588 (time=459.8), 0.0918293 s/step
on time step 27631 (time=460.517), 0.0933029 s/step
on time step 27674 (time=461.233), 0.0938309 s/step
on time step 27717 (time=461.95), 0.0948099 s/step
on time step 27760 (time=462.667), 0.094766 s/step
on time step 27803 (time=463.383), 0.0947428 s/step
on time step 27845 (time=464.083), 0.0954001 s/step
on time step 27887 (time=464.783), 0.0960065 s/step
on time step 27931 (time=465.517), 0.0925517 s/step
on time step 27982 (time=466.367), 0.0787627 s/step
on time step 28029 (time=467.15), 0.0863924 s/step
on time step 28074 (time=467.9), 0.0902389 s/step
on time step 28118 (time=468.633), 0.0926722 s/step
on time step 28161 (time=469.35), 0.0935939 s/step
Meep progress: 469.9/600.0 = 78.3% done in 2601.2s, 720.2s to go
on time step 28204 (time=470.067), 0.0942266 s/step
on time step 28247 (time=470.783), 0.0942951 s/step
on time step 28289 (time=471.483), 0.0967672 s/step
on time step 28331 (time=472.183), 0.0953058 s/step
on time step 28374 (time=472.9), 0.0945563 s/step
on time step 28417 (time=473.617), 0.0943733 s/step
on time step 28460 (time=474.333), 0.0950685 s/step
on time step 28503 (time=475.05), 0.0934757 s/step
on time step 28546 (time=475.767), 0.0930234 s/step
on time step 28589 (time=476.483), 0.0939497 s/step
on time step 28632 (time=477.2), 0.0942472 s/step
on time step 28675 (time=477.917), 0.0945878 s/step
on time step 28718 (time=478.633), 0.0934818 s/step
on time step 28761 (time=479.35), 0.0944703 s/step
on time step 28804 (time=480.067), 0.0949304 s/step
on time step 28847 (time=480.783), 0.093588 s/step
on time step 28889 (time=481.483), 0.095298 s/step
on time step 28932 (time=482.2), 0.0937809 s/step
on time step 28975 (time=482.917), 0.0947115 s/step
on time step 29018 (time=483.633), 0.0937013 s/step
on time step 29061 (time=484.35), 0.0943659 s/step
on time step 29104 (time=485.067), 0.0943497 s/step
on time step 29147 (time=485.783), 0.0941215 s/step
on time step 29190 (time=486.5), 0.0947034 s/step
on time step 29236 (time=487.267), 0.0869601 s/step
Meep progress: 487.7/600.0 = 81.3% done in 2701.3s, 622.0s to go
on time step 29284 (time=488.067), 0.0846772 s/step
on time step 29329 (time=488.817), 0.0907441 s/step
on time step 29372 (time=489.533), 0.0930475 s/step
on time step 29415 (time=490.25), 0.0943953 s/step
on time step 29458 (time=490.967), 0.0936622 s/step
on time step 29502 (time=491.7), 0.0927364 s/step
on time step 29546 (time=492.433), 0.0929656 s/step
on time step 29588 (time=493.133), 0.0956784 s/step
on time step 29631 (time=493.85), 0.0943917 s/step
on time step 29674 (time=494.567), 0.0935154 s/step
on time step 29717 (time=495.283), 0.0932001 s/step
on time step 29760 (time=496), 0.0933457 s/step
on time step 29803 (time=496.717), 0.0944989 s/step
on time step 29844 (time=497.4), 0.0976327 s/step
on time step 29887 (time=498.117), 0.0933989 s/step
on time step 29929 (time=498.817), 0.0952945 s/step
on time step 29972 (time=499.533), 0.0936228 s/step
on time step 30015 (time=500.25), 0.0939667 s/step
on time step 30058 (time=500.967), 0.094929 s/step
on time step 30100 (time=501.667), 0.0957136 s/step
on time step 30143 (time=502.383), 0.0949369 s/step
on time step 30186 (time=503.1), 0.0950673 s/step
on time step 30229 (time=503.817), 0.0930772 s/step
on time step 30272 (time=504.533), 0.0941144 s/step
on time step 30315 (time=505.25), 0.0934949 s/step
Meep progress: 505.43333333333334/600.0 = 84.2% done in 2801.3s, 524.1s to go
on time step 30358 (time=505.967), 0.0938181 s/step
on time step 30401 (time=506.683), 0.094221 s/step
on time step 30444 (time=507.4), 0.0936341 s/step
on time step 30487 (time=508.117), 0.093942 s/step
on time step 30536 (time=508.933), 0.083476 s/step
on time step 30580 (time=509.667), 0.0918102 s/step
on time step 30624 (time=510.4), 0.0928698 s/step
on time step 30667 (time=511.117), 0.0936045 s/step
on time step 30710 (time=511.833), 0.094324 s/step
on time step 30752 (time=512.533), 0.0969392 s/step
on time step 30795 (time=513.25), 0.0946378 s/step
on time step 30838 (time=513.967), 0.0948233 s/step
on time step 30881 (time=514.683), 0.0944941 s/step
on time step 30924 (time=515.4), 0.093903 s/step
on time step 30967 (time=516.117), 0.0934264 s/step
on time step 31010 (time=516.833), 0.0947479 s/step
on time step 31053 (time=517.55), 0.09395 s/step
on time step 31096 (time=518.267), 0.0943373 s/step
on time step 31139 (time=518.983), 0.0941898 s/step
on time step 31181 (time=519.683), 0.0957761 s/step
on time step 31224 (time=520.4), 0.0945804 s/step
on time step 31267 (time=521.117), 0.093865 s/step
on time step 31310 (time=521.833), 0.0941655 s/step
on time step 31353 (time=522.55), 0.09462 s/step
Meep progress: 523.2166666666667/600.0 = 87.2% done in 2901.3s, 425.8s to go
on time step 31396 (time=523.267), 0.0943528 s/step
on time step 31439 (time=523.983), 0.0938795 s/step
on time step 31482 (time=524.7), 0.0934395 s/step
on time step 31525 (time=525.417), 0.093761 s/step
on time step 31568 (time=526.133), 0.0940224 s/step
on time step 31611 (time=526.85), 0.0946063 s/step
on time step 31654 (time=527.567), 0.0949481 s/step
on time step 31697 (time=528.283), 0.0940365 s/step
on time step 31739 (time=528.983), 0.0959779 s/step
on time step 31789 (time=529.817), 0.0816154 s/step
on time step 31834 (time=530.567), 0.0897922 s/step
on time step 31878 (time=531.3), 0.0922373 s/step
on time step 31921 (time=532.017), 0.094869 s/step
on time step 31964 (time=532.733), 0.0950687 s/step
on time step 32007 (time=533.45), 0.0942818 s/step
on time step 32050 (time=534.167), 0.0933907 s/step
on time step 32093 (time=534.883), 0.0950865 s/step
on time step 32142 (time=535.7), 0.083093 s/step
on time step 32192 (time=536.533), 0.0802141 s/step
on time step 32236 (time=537.267), 0.0923434 s/step
on time step 32280 (time=538), 0.09302 s/step
on time step 32323 (time=538.717), 0.0940265 s/step
on time step 32366 (time=539.433), 0.094753 s/step
on time step 32409 (time=540.15), 0.0946405 s/step
on time step 32452 (time=540.867), 0.0932029 s/step
Meep progress: 541.3/600.0 = 90.2% done in 3001.4s, 325.5s to go
on time step 32495 (time=541.583), 0.0944537 s/step
on time step 32537 (time=542.283), 0.0953805 s/step
on time step 32580 (time=543), 0.0938354 s/step
on time step 32623 (time=543.717), 0.0950185 s/step
on time step 32667 (time=544.45), 0.0929533 s/step
on time step 32710 (time=545.167), 0.0938783 s/step
on time step 32753 (time=545.883), 0.0938423 s/step
on time step 32801 (time=546.683), 0.0835786 s/step
on time step 32853 (time=547.55), 0.0784031 s/step
on time step 32904 (time=548.4), 0.078665 s/step
on time step 32956 (time=549.267), 0.0779186 s/step
on time step 33008 (time=550.133), 0.0775328 s/step
on time step 33060 (time=551), 0.0781503 s/step
on time step 33112 (time=551.867), 0.0780924 s/step
on time step 33164 (time=552.733), 0.0780259 s/step
on time step 33216 (time=553.6), 0.0776911 s/step
on time step 33268 (time=554.467), 0.0778612 s/step
on time step 33320 (time=555.333), 0.0776151 s/step
on time step 33372 (time=556.2), 0.0781846 s/step
on time step 33423 (time=557.05), 0.0784322 s/step
on time step 33475 (time=557.917), 0.0778534 s/step
on time step 33527 (time=558.783), 0.0782357 s/step
on time step 33579 (time=559.65), 0.0781249 s/step
on time step 33630 (time=560.5), 0.0785981 s/step
on time step 33682 (time=561.367), 0.0779024 s/step
Meep progress: 561.6666666666666/600.0 = 93.6% done in 3101.4s, 211.7s to go
on time step 33734 (time=562.233), 0.0780968 s/step
on time step 33786 (time=563.1), 0.0777591 s/step
on time step 33838 (time=563.967), 0.0778731 s/step
on time step 33889 (time=564.817), 0.0786037 s/step
on time step 33941 (time=565.683), 0.0779804 s/step
on time step 33993 (time=566.55), 0.0782292 s/step
on time step 34045 (time=567.417), 0.0780741 s/step
on time step 34097 (time=568.283), 0.0777655 s/step
on time step 34148 (time=569.133), 0.0793058 s/step
on time step 34191 (time=569.85), 0.093603 s/step
on time step 34242 (time=570.7), 0.0794204 s/step
on time step 34292 (time=571.533), 0.0809064 s/step
on time step 34335 (time=572.25), 0.0931692 s/step
on time step 34379 (time=572.983), 0.091434 s/step
on time step 34421 (time=573.683), 0.0954528 s/step
on time step 34464 (time=574.4), 0.0946782 s/step
on time step 34507 (time=575.117), 0.0934208 s/step
on time step 34549 (time=575.817), 0.0952559 s/step
on time step 34592 (time=576.533), 0.0939803 s/step
on time step 34635 (time=577.25), 0.0934557 s/step
on time step 34678 (time=577.967), 0.0941756 s/step
on time step 34720 (time=578.667), 0.096145 s/step
on time step 34763 (time=579.383), 0.0943535 s/step
on time step 34806 (time=580.1), 0.0941973 s/step
on time step 34849 (time=580.817), 0.0934459 s/step
Meep progress: 580.9/600.0 = 96.8% done in 3201.5s, 105.3s to go
on time step 34892 (time=581.533), 0.0939646 s/step
on time step 34935 (time=582.25), 0.0936353 s/step
on time step 34978 (time=582.967), 0.0934337 s/step
on time step 35021 (time=583.683), 0.0936325 s/step
on time step 35064 (time=584.4), 0.0945742 s/step
on time step 35107 (time=585.117), 0.0936307 s/step
on time step 35150 (time=585.833), 0.0948005 s/step
on time step 35192 (time=586.533), 0.0955755 s/step
on time step 35235 (time=587.25), 0.0951446 s/step
on time step 35278 (time=587.967), 0.0941531 s/step
on time step 35321 (time=588.683), 0.0935563 s/step
on time step 35364 (time=589.4), 0.0942807 s/step
on time step 35407 (time=590.117), 0.093939 s/step
on time step 35450 (time=590.833), 0.0942841 s/step
on time step 35493 (time=591.55), 0.0939177 s/step
on time step 35544 (time=592.4), 0.0793983 s/step
on time step 35588 (time=593.133), 0.0928288 s/step
on time step 35631 (time=593.85), 0.0932507 s/step
on time step 35674 (time=594.567), 0.0941438 s/step
on time step 35718 (time=595.3), 0.0929997 s/step
on time step 35761 (time=596.017), 0.0946598 s/step
on time step 35804 (time=596.733), 0.0941043 s/step
on time step 35847 (time=597.45), 0.094957 s/step
on time step 35890 (time=598.167), 0.0932592 s/step
Meep progress: 598.7666666666667/600.0 = 99.8% done in 3301.5s, 6.8s to go
on time step 35933 (time=598.883), 0.0935944 s/step
on time step 35976 (time=599.6), 0.094067 s/step
harminv0:, frequency, imag. freq., Q, |amp|, amplitude, error
run 0 finished at t = 600.0 (36000 timesteps)
Modal Volume: 0.44543223530103565

Elapsed run time = 3321.0383 s
